  Source.cpp
f:\jeevan\opengl\rtr course\bitbucket\jeevangaikwadrtrassignments\direct3d11\12-aug-2018\2d-shapes-black-and-white\ogl_template\ogl_template\xnamath\xnamath.h(2908): warning C4838: conversion from 'unsigned int' to 'INT' requires a narrowing conversion
f:\jeevan\opengl\rtr course\bitbucket\jeevangaikwadrtrassignments\direct3d11\12-aug-2018\2d-shapes-black-and-white\ogl_template\ogl_template\xnamath\xnamath.h(2909): warning C4838: conversion from 'unsigned int' to 'INT' requires a narrowing conversion
f:\jeevan\opengl\rtr course\bitbucket\jeevangaikwadrtrassignments\direct3d11\12-aug-2018\2d-shapes-black-and-white\ogl_template\ogl_template\xnamath\xnamath.h(2910): warning C4838: conversion from 'unsigned int' to 'INT' requires a narrowing conversion
f:\jeevan\opengl\rtr course\bitbucket\jeevangaikwadrtrassignments\direct3d11\12-aug-2018\2d-shapes-black-and-white\ogl_template\ogl_template\xnamath\xnamath.h(2911): warning C4838: conversion from 'unsigned int' to 'INT' requires a narrowing conversion
f:\jeevan\opengl\rtr course\bitbucket\jeevangaikwadrtrassignments\direct3d11\12-aug-2018\2d-shapes-black-and-white\ogl_template\ogl_template\xnamath\xnamath.h(2912): warning C4838: conversion from 'unsigned int' to 'INT' requires a narrowing conversion
f:\jeevan\opengl\rtr course\bitbucket\jeevangaikwadrtrassignments\direct3d11\12-aug-2018\2d-shapes-black-and-white\ogl_template\ogl_template\xnamath\xnamath.h(2913): warning C4838: conversion from 'unsigned int' to 'INT' requires a narrowing conversion
f:\jeevan\opengl\rtr course\bitbucket\jeevangaikwadrtrassignments\direct3d11\12-aug-2018\2d-shapes-black-and-white\ogl_template\ogl_template\xnamath\xnamath.h(2914): warning C4838: conversion from 'unsigned int' to 'INT' requires a narrowing conversion
f:\jeevan\opengl\rtr course\bitbucket\jeevangaikwadrtrassignments\direct3d11\12-aug-2018\2d-shapes-black-and-white\ogl_template\ogl_template\xnamath\xnamath.h(2935): warning C4838: conversion from 'unsigned int' to 'INT' requires a narrowing conversion
f:\jeevan\opengl\rtr course\bitbucket\jeevangaikwadrtrassignments\direct3d11\12-aug-2018\2d-shapes-black-and-white\ogl_template\ogl_template\xnamath\xnamath.h(2936): warning C4838: conversion from 'unsigned int' to 'INT' requires a narrowing conversion
f:\jeevan\opengl\rtr course\bitbucket\jeevangaikwadrtrassignments\direct3d11\12-aug-2018\2d-shapes-black-and-white\ogl_template\ogl_template\xnamath\xnamath.h(2937): warning C4838: conversion from 'unsigned int' to 'INT' requires a narrowing conversion
f:\jeevan\opengl\rtr course\bitbucket\jeevangaikwadrtrassignments\direct3d11\12-aug-2018\2d-shapes-black-and-white\ogl_template\ogl_template\xnamath\xnamath.h(2940): warning C4838: conversion from 'unsigned int' to 'INT' requires a narrowing conversion
f:\jeevan\opengl\rtr course\bitbucket\jeevangaikwadrtrassignments\direct3d11\12-aug-2018\2d-shapes-black-and-white\ogl_template\ogl_template\xnamath\xnamath.h(2941): warning C4838: conversion from 'unsigned int' to 'INT' requires a narrowing conversion
f:\jeevan\opengl\rtr course\bitbucket\jeevangaikwadrtrassignments\direct3d11\12-aug-2018\2d-shapes-black-and-white\ogl_template\ogl_template\xnamath\xnamath.h(2944): warning C4838: conversion from 'unsigned int' to 'INT' requires a narrowing conversion
f:\jeevan\opengl\rtr course\bitbucket\jeevangaikwadrtrassignments\direct3d11\12-aug-2018\2d-shapes-black-and-white\ogl_template\ogl_template\xnamath\xnamath.h(2948): warning C4838: conversion from 'unsigned int' to 'INT' requires a narrowing conversion
f:\jeevan\opengl\rtr course\bitbucket\jeevangaikwadrtrassignments\direct3d11\12-aug-2018\2d-shapes-black-and-white\ogl_template\ogl_template\xnamath\xnamath.h(2958): warning C4838: conversion from 'unsigned int' to 'INT' requires a narrowing conversion
f:\jeevan\opengl\rtr course\bitbucket\jeevangaikwadrtrassignments\direct3d11\12-aug-2018\2d-shapes-black-and-white\ogl_template\ogl_template\xnamath\xnamath.h(2959): warning C4838: conversion from 'unsigned int' to 'INT' requires a narrowing conversion
f:\jeevan\opengl\rtr course\bitbucket\jeevangaikwadrtrassignments\direct3d11\12-aug-2018\2d-shapes-black-and-white\ogl_template\ogl_template\xnamath\xnamath.h(2961): warning C4838: conversion from 'unsigned int' to 'INT' requires a narrowing conversion
f:\jeevan\opengl\rtr course\bitbucket\jeevangaikwadrtrassignments\direct3d11\12-aug-2018\2d-shapes-black-and-white\ogl_template\ogl_template\xnamath\xnamath.h(2962): warning C4838: conversion from 'unsigned int' to 'INT' requires a narrowing conversion
f:\jeevan\opengl\rtr course\bitbucket\jeevangaikwadrtrassignments\direct3d11\12-aug-2018\2d-shapes-black-and-white\ogl_template\ogl_template\xnamath\xnamath.h(2963): warning C4838: conversion from 'unsigned int' to 'INT' requires a narrowing conversion
f:\jeevan\opengl\rtr course\bitbucket\jeevangaikwadrtrassignments\direct3d11\12-aug-2018\2d-shapes-black-and-white\ogl_template\ogl_template\xnamath\xnamath.h(2973): warning C4838: conversion from 'unsigned int' to 'INT' requires a narrowing conversion
f:\jeevan\opengl\rtr course\bitbucket\jeevangaikwadrtrassignments\direct3d11\12-aug-2018\2d-shapes-black-and-white\ogl_template\ogl_template\xnamath\xnamath.h(2974): warning C4838: conversion from 'unsigned int' to 'INT' requires a narrowing conversion
f:\jeevan\opengl\rtr course\bitbucket\jeevangaikwadrtrassignments\direct3d11\12-aug-2018\2d-shapes-black-and-white\ogl_template\ogl_template\xnamath\xnamath.h(2975): warning C4838: conversion from 'unsigned int' to 'INT' requires a narrowing conversion
f:\jeevan\opengl\rtr course\bitbucket\jeevangaikwadrtrassignments\direct3d11\12-aug-2018\2d-shapes-black-and-white\ogl_template\ogl_template\xnamath\xnamath.h(2976): warning C4838: conversion from 'unsigned int' to 'INT' requires a narrowing conversion
f:\jeevan\opengl\rtr course\bitbucket\jeevangaikwadrtrassignments\direct3d11\12-aug-2018\2d-shapes-black-and-white\ogl_template\ogl_template\xnamath\xnamath.h(2977): warning C4838: conversion from 'unsigned int' to 'INT' requires a narrowing conversion
f:\jeevan\opengl\rtr course\bitbucket\jeevangaikwadrtrassignments\direct3d11\12-aug-2018\2d-shapes-black-and-white\ogl_template\ogl_template\xnamath\xnamath.h(2978): warning C4838: conversion from 'unsigned int' to 'INT' requires a narrowing conversion
f:\jeevan\opengl\rtr course\bitbucket\jeevangaikwadrtrassignments\direct3d11\12-aug-2018\2d-shapes-black-and-white\ogl_template\ogl_template\xnamath\xnamath.h(2988): warning C4838: conversion from 'unsigned int' to 'INT' requires a narrowing conversion
f:\jeevan\opengl\rtr course\bitbucket\jeevangaikwadrtrassignments\direct3d11\12-aug-2018\2d-shapes-black-and-white\ogl_template\ogl_template\xnamath\xnamath.h(2989): warning C4838: conversion from 'unsigned int' to 'INT' requires a narrowing conversion
f:\jeevan\opengl\rtr course\bitbucket\jeevangaikwadrtrassignments\direct3d11\12-aug-2018\2d-shapes-black-and-white\ogl_template\ogl_template\xnamath\xnamath.h(3000): warning C4838: conversion from 'unsigned int' to 'INT' requires a narrowing conversion
f:\jeevan\opengl\rtr course\bitbucket\jeevangaikwadrtrassignments\direct3d11\12-aug-2018\2d-shapes-black-and-white\ogl_template\ogl_template\xnamath\xnamathconvert.inl(2522): warning C4838: conversion from 'unsigned int' to 'INT' requires a narrowing conversion
f:\jeevan\opengl\rtr course\bitbucket\jeevangaikwadrtrassignments\direct3d11\12-aug-2018\2d-shapes-black-and-white\ogl_template\ogl_template\xnamath\xnamathconvert.inl(5120): warning C4838: conversion from 'unsigned int' to 'INT' requires a narrowing conversion
f:\jeevan\opengl\rtr course\bitbucket\jeevangaikwadrtrassignments\direct3d11\12-aug-2018\2d-shapes-black-and-white\ogl_template\ogl_template\xnamath\xnamathconvert.inl(5174): warning C4838: conversion from 'unsigned int' to 'INT' requires a narrowing conversion
f:\jeevan\opengl\rtr course\bitbucket\jeevangaikwadrtrassignments\direct3d11\12-aug-2018\2d-shapes-black-and-white\ogl_template\ogl_template\xnamath\xnamathconvert.inl(5236): warning C4838: conversion from 'unsigned int' to 'INT' requires a narrowing conversion
f:\jeevan\opengl\rtr course\bitbucket\jeevangaikwadrtrassignments\direct3d11\12-aug-2018\2d-shapes-black-and-white\ogl_template\ogl_template\xnamath\xnamathconvert.inl(5304): warning C4838: conversion from 'unsigned int' to 'INT' requires a narrowing conversion
f:\jeevan\opengl\rtr course\bitbucket\jeevangaikwadrtrassignments\direct3d11\12-aug-2018\2d-shapes-black-and-white\ogl_template\ogl_template\xnamath\xnamathconvert.inl(5367): warning C4838: conversion from 'unsigned int' to 'INT' requires a narrowing conversion
f:\jeevan\opengl\rtr course\bitbucket\jeevangaikwadrtrassignments\direct3d11\12-aug-2018\2d-shapes-black-and-white\ogl_template\ogl_template\xnamath\xnamathconvert.inl(5429): warning C4838: conversion from 'unsigned int' to 'INT' requires a narrowing conversion
f:\jeevan\opengl\rtr course\bitbucket\jeevangaikwadrtrassignments\direct3d11\12-aug-2018\2d-shapes-black-and-white\ogl_template\ogl_template\xnamath\xnamathvector.inl(1265): warning C4838: conversion from 'unsigned int' to 'INT' requires a narrowing conversion
f:\jeevan\opengl\rtr course\bitbucket\jeevangaikwadrtrassignments\direct3d11\12-aug-2018\2d-shapes-black-and-white\ogl_template\ogl_template\xnamath\xnamathmisc.inl(514): warning C4838: conversion from 'unsigned int' to 'INT' requires a narrowing conversion
f:\jeevan\opengl\rtr course\bitbucket\jeevangaikwadrtrassignments\direct3d11\12-aug-2018\2d-shapes-black-and-white\ogl_template\ogl_template\xnamath\xnamathmisc.inl(515): warning C4838: conversion from 'unsigned int' to 'INT' requires a narrowing conversion
  OGL_template.vcxproj -> F:\Jeevan\OpenGL\RTR Course\BitBucket\jeevangaikwadrtrassignments\Direct3D11\12-Aug-2018\2D-shapes-black-and-white\OGL_template\Debug\OGL_template.exe
  OGL_template.vcxproj -> F:\Jeevan\OpenGL\RTR Course\BitBucket\jeevangaikwadrtrassignments\Direct3D11\12-Aug-2018\2D-shapes-black-and-white\OGL_template\Debug\OGL_template.pdb (Full PDB)
